------------------------------------------------------------
/home/users/b/buzillo/virtualenv/sale/bin/pip run on Fri Nov 17 16:04:05 2017
Downloading/unpacking libapache2-mod-wsgi-py3
  Getting page https://pypi.python.org/simple/libapache2-mod-wsgi-py3/
  Could not fetch URL https://pypi.python.org/simple/libapache2-mod-wsgi-py3/: 404 Client Error: Not Found (libapache2-mod-wsgi-py3 does not exist)
  Will skip URL https://pypi.python.org/simple/libapache2-mod-wsgi-py3/ when looking for download links for libapache2-mod-wsgi-py3
  Getting page https://pypi.python.org/simple/
  URLs to search for versions for libapache2-mod-wsgi-py3:
  * https://pypi.python.org/simple/libapache2-mod-wsgi-py3/
  Getting page https://pypi.python.org/simple/libapache2-mod-wsgi-py3/
  Could not fetch URL https://pypi.python.org/simple/libapache2-mod-wsgi-py3/: 404 Client Error: Not Found (libapache2-mod-wsgi-py3 does not exist)
  Will skip URL https://pypi.python.org/simple/libapache2-mod-wsgi-py3/ when looking for download links for libapache2-mod-wsgi-py3
  Could not find any downloads that satisfy the requirement libapache2-mod-wsgi-py3
Cleaning up...
  Removing temporary dir /home/users/b/buzillo/virtualenv/sale/build...
No distributions at all found for libapache2-mod-wsgi-py3
Exception information:
Traceback (most recent call last):
  File "/home/users/b/buzillo/virtualenv/sale/lib/python2.7/site-packages/pip/basecommand.py", line 122, in main
    status = self.run(options, args)
  File "/home/users/b/buzillo/virtualenv/sale/lib/python2.7/site-packages/pip/commands/install.py", line 278, in run
    requirement_set.prepare_files(finder, force_root_egg_info=self.bundle, bundle=self.bundle)
  File "/home/users/b/buzillo/virtualenv/sale/lib/python2.7/site-packages/pip/req.py", line 1177, in prepare_files
    url = finder.find_requirement(req_to_install, upgrade=self.upgrade)
  File "/home/users/b/buzillo/virtualenv/sale/lib/python2.7/site-packages/pip/index.py", line 277, in find_requirement
    raise DistributionNotFound('No distributions at all found for %s' % req)
DistributionNotFound: No distributions at all found for libapache2-mod-wsgi-py3
